[debug] [2018-07-08T22:00:41.974Z] ----------------------------------------------------------------------
[debug] [2018-07-08T22:00:41.976Z] Command:       /usr/local/bin/node /usr/local/bin/firebase init
[debug] [2018-07-08T22:00:41.976Z] CLI Version:   3.18.5
[debug] [2018-07-08T22:00:41.976Z] Platform:      darwin
[debug] [2018-07-08T22:00:41.976Z] Node Version:  v8.9.4
[debug] [2018-07-08T22:00:41.977Z] Time:          Sun Jul 08 2018 17:00:41 GMT-0500 (CDT)
[debug] [2018-07-08T22:00:41.977Z] ----------------------------------------------------------------------
[debug] 
[debug] [2018-07-08T22:00:41.997Z] > command requires scopes: ["email","openid","https://www.googleapis.com/auth/cloudplatformprojects.readonly","https://www.googleapis.com/auth/firebase"]
[debug] [2018-07-08T22:00:41.997Z] > authorizing via signed-in user
[info] 
     🔥🔥🔥🔥🔥🔥🔥🔥 🔥🔥🔥🔥 🔥🔥🔥🔥🔥🔥🔥🔥  🔥🔥🔥🔥🔥🔥🔥🔥 🔥🔥🔥🔥🔥🔥🔥🔥     🔥🔥🔥     🔥🔥🔥🔥🔥🔥  🔥🔥🔥🔥🔥🔥🔥🔥
     🔥🔥        🔥🔥  🔥🔥     🔥🔥 🔥🔥       🔥🔥     🔥🔥  🔥🔥   🔥🔥  🔥🔥       🔥🔥
     🔥🔥🔥🔥🔥🔥    🔥🔥  🔥🔥🔥🔥🔥🔥🔥🔥  🔥🔥🔥🔥🔥🔥   🔥🔥🔥🔥🔥🔥🔥🔥  🔥🔥🔥🔥🔥🔥🔥🔥🔥  🔥🔥🔥🔥🔥🔥  🔥🔥🔥🔥🔥🔥
     🔥🔥        🔥🔥  🔥🔥    🔥🔥  🔥🔥       🔥🔥     🔥🔥 🔥🔥     🔥🔥       🔥🔥 🔥🔥
     🔥🔥       🔥🔥🔥🔥 🔥🔥     🔥🔥 🔥🔥🔥🔥🔥🔥🔥🔥 🔥🔥🔥🔥🔥🔥🔥🔥  🔥🔥     🔥🔥  🔥🔥🔥🔥🔥🔥  🔥🔥🔥🔥🔥🔥🔥🔥

You're about to initialize a Firebase project in this directory:

  /Users/shanellewebster/Documents/newportfolio

[info] 
=== Project Setup
[info] 
[info] First, let's associate this project directory with a Firebase project.
[info] You can create multiple project aliases by running firebase use --add, 
[info] but for now we'll just set up a default project.
[info] 
[debug] [2018-07-08T22:00:47.265Z] > refreshing access token with scopes: ["email","https://www.googleapis.com/auth/cloudplatformprojects.readonly","https://www.googleapis.com/auth/firebase","openid"]
[debug] [2018-07-08T22:00:47.266Z] >>> HTTP REQUEST POST https://www.googleapis.com/oauth2/v3/token  
 { refresh_token: '1/TKya3I-dmq5CyljkIGZNI3ORroU6mdBXRs-z2RLoCW2W1kfFuMc4XMBt2-0RZVz1',
  client_id: '563584335869-fgrhgmd47bqnekij5i8b5pr03ho849e6.apps.googleusercontent.com',
  client_secret: 'j9iVZfS8kkCEFUPaAeJV0sAi',
  grant_type: 'refresh_token',
  scope: 'email https://www.googleapis.com/auth/cloudplatformprojects.readonly https://www.googleapis.com/auth/firebase openid' } 
 Sun Jul 08 2018 17:00:47 GMT-0500 (CDT)
[debug] [2018-07-08T22:00:47.418Z] <<< HTTP RESPONSE 200
[debug] [2018-07-08T22:00:47.447Z] >>> HTTP REQUEST GET https://admin.firebase.com/v1/projects  
  
 Sun Jul 08 2018 17:00:47 GMT-0500 (CDT)
[debug] [2018-07-08T22:00:48.178Z] <<< HTTP RESPONSE 200
[info] 
=== Hosting Setup
[info] 
[info] Your public directory is the folder (relative to your project directory) that
[info] will contain Hosting assets to be uploaded with firebase deploy. If you
[info] have a build process for your assets, use your build's output directory.
[info] 
